<?xml version="1.0" encoding="UTF-8"?>
<!-- Generated by org.testng.reporters.JUnitXMLReporter -->
<testsuite hostname="CORPLPTP000053" ignored="0" name="Default test" tests="4" failures="0" timestamp="2020-05-25T16:34:25 IST" time="51.572" errors="0">
  <testcase name="verifyLoginPageTitleTest" time="0.038" classname="com.primeclass.qa.testcases.LoginPageTest"/>
  <testcase name="VerfiyCenterLinkButton" time="0.065" classname="com.primeclass.qa.testcases.LoginPageTest"/>
  <testcase name="verifyHomePageHeaderTest" time="0.093" classname="com.primeclass.qa.testcases.LoginPageTest"/>
  <testcase name="contactUsTest" time="0.106" classname="com.primeclass.qa.testcases.LoginPageTest"/>
</testsuite> <!-- Default test -->
